2024-09-29 13:38:21 [ERROR]: Error al obtener el carrito con ID count: Cast to ObjectId failed for value "count" (type string) at path "_id" for model "carts"
2024-09-29 13:38:26 [ERROR]: Error al obtener el carrito con ID count: Cast to ObjectId failed for value "count" (type string) at path "_id" for model "carts"
2024-09-29 13:38:44 [ERROR]: Error al obtener el carrito con ID count: Cast to ObjectId failed for value "count" (type string) at path "_id" for model "carts"
2024-09-29 13:38:50 [ERROR]: Error al obtener el carrito con ID count: Cast to ObjectId failed for value "count" (type string) at path "_id" for model "carts"
2024-09-29 13:38:52 [ERROR]: Error al obtener el carrito con ID count: Cast to ObjectId failed for value "count" (type string) at path "_id" for model "carts"
2024-09-29 13:38:53 [ERROR]: Error al obtener el carrito con ID count: Cast to ObjectId failed for value "count" (type string) at path "_id" for model "carts"
2024-09-29 13:38:56 [ERROR]: Error al obtener el carrito con ID count: Cast to ObjectId failed for value "count" (type string) at path "_id" for model "carts"
2024-09-29 13:44:37 [ERROR]: Error al obtener el carrito con ID count: Cast to ObjectId failed for value "count" (type string) at path "_id" for model "carts"
2024-09-29 13:44:39 [ERROR]: Error al obtener el carrito con ID count: Cast to ObjectId failed for value "count" (type string) at path "_id" for model "carts"
2024-09-29 13:44:52 [ERROR]: Error al obtener el carrito con ID count: Cast to ObjectId failed for value "count" (type string) at path "_id" for model "carts"
2024-10-05 21:44:37 [ERROR]: Error al obtener el carrito con ID count: Cast to ObjectId failed for value "count" (type string) at path "_id" for model "carts"
2024-10-05 21:44:39 [ERROR]: Error al obtener el carrito con ID count: Cast to ObjectId failed for value "count" (type string) at path "_id" for model "carts"
2024-10-05 21:45:23 [ERROR]: Error al obtener el carrito con ID count: Cast to ObjectId failed for value "count" (type string) at path "_id" for model "carts"
2024-10-05 21:45:58 [ERROR]: Error al obtener el carrito con ID count: Cast to ObjectId failed for value "count" (type string) at path "_id" for model "carts"
2024-10-06 17:25:08 [ERROR]: Error al obtener el carrito con ID count: Cast to ObjectId failed for value "count" (type string) at path "_id" for model "carts"
2024-10-06 17:26:17 [ERROR]: Error al obtener el carrito con ID count: Cast to ObjectId failed for value "count" (type string) at path "_id" for model "carts"
2025-04-04 21:12:28 [ERROR]: Error al obtener el carrito con ID success: Cast to ObjectId failed for value "success" (type string) at path "_id" for model "carts"
2025-04-05 13:38:50 [ERROR]: Error al obtener el carrito con ID success: Cast to ObjectId failed for value "success" (type string) at path "_id" for model "carts"
2025-04-06 17:39:54 [ERROR]: Error al obtener el carrito con ID paymentSuccess: Cast to ObjectId failed for value "paymentSuccess" (type string) at path "_id" for model "carts"
2025-04-08 19:42:31 [ERROR]: Error al obtener el carrito con ID paymentPending: Cast to ObjectId failed for value "paymentPending" (type string) at path "_id" for model "carts"
2025-04-08 19:47:58 [ERROR]: Error al obtener el carrito con ID paymentPending: Cast to ObjectId failed for value "paymentPending" (type string) at path "_id" for model "carts"
2025-04-08 19:52:13 [ERROR]: Error al obtener el carrito con ID paymentPending: Cast to ObjectId failed for value "paymentPending" (type string) at path "_id" for model "carts"
2025-04-09 14:36:38 [ERROR]: Error al eliminar el producto con ID 6702f08a4a6441b7fe5f589d del carrito con ID 67f1bd53ef213f675d86a92d: No se encontró el producto con ID 6702f08a4a6441b7fe5f589d en el carrito
